INFO: 2020-08-12 11:40:21,884: main() 'Using profile folder /home/su/.config/variety/'
INFO: 2020-08-12 11:40:21,928: perform_upgrade() 'Last run version was 0.8.3 or earlier, current version is 0.8.3'
INFO: 2020-08-12 11:40:22,659: process_command() 'Received command: ['-p']'
INFO: 2020-08-12 11:40:22,662: load_banned() 'Missing or invalid banned URLs list, no URLs will be banned'
INFO: 2020-08-12 11:40:22,748: start() 'Using data_path /usr/share/variety'
INFO: 2020-08-12 11:40:22,748: load() 'Jumble loading'
INFO: 2020-08-12 11:40:22,759: _walk_modules() 'Jumble loading module in __init__ from /usr/lib/python3.8/site-packages/variety/plugins/builtin/__init__.py'
INFO: 2020-08-12 11:40:22,765: _walk_modules() 'Jumble loading module in __init__ from /usr/lib/python3.8/site-packages/variety/plugins/builtin/quotes/__init__.py'
INFO: 2020-08-12 11:40:22,767: _walk_modules() 'Jumble loading module in LocalFilesSource from /usr/lib/python3.8/site-packages/variety/plugins/builtin/quotes/LocalFilesSource.py'
INFO: 2020-08-12 11:40:22,769: load() 'Jumble found plugin class: <class 'LocalFilesSource.LocalFilesSource'>: {'name': 'Local text files', 'description': 'Displays quotes, defined in local text files.\nPut your own txt files in: ~/.config/variety/pluginconfig/quotes/.\nThe file format is:\n\nquote -- author\n.\nsecond quote -- another author\n.\netc...\n\nExample: http://rvelthuis.de/zips/quotes.txt', 'author': 'Peter Levi', 'version': '0.1'}'
INFO: 2020-08-12 11:40:22,770: _walk_modules() 'Jumble loading module in UrbanDictionarySource from /usr/lib/python3.8/site-packages/variety/plugins/builtin/quotes/UrbanDictionarySource.py'
INFO: 2020-08-12 11:40:22,771: load() 'Jumble found plugin class: <class 'UrbanDictionarySource.UrbanDictionarySource'>: {'name': 'Urban Dictionary', 'description': 'Displays definitions from Urban Dictionary', 'author': 'James Miller', 'version': '0.1'}'
INFO: 2020-08-12 11:40:22,772: _walk_modules() 'Jumble loading module in GoodreadsSource from /usr/lib/python3.8/site-packages/variety/plugins/builtin/quotes/GoodreadsSource.py'
INFO: 2020-08-12 11:40:22,824: load() 'Jumble found plugin class: <class 'GoodreadsSource.GoodreadsSource'>: {'name': 'Goodreads', 'description': 'Fetches quotes from Goodreads.com', 'author': 'Peter Levi', 'version': '0.1'}'
INFO: 2020-08-12 11:40:22,826: _walk_modules() 'Jumble loading module in FortuneSource from /usr/lib/python3.8/site-packages/variety/plugins/builtin/quotes/FortuneSource.py'
INFO: 2020-08-12 11:40:22,827: load() 'Jumble found plugin class: <class 'FortuneSource.FortuneSource'>: {'name': 'UNIX fortune program', 'description': 'Displays quotes using the UNIX fortune program. You may want to install additional fortune packs, e.g. fortunes-bofh-excuses.', 'author': 'Dan Jones', 'version': '0.1'}'
INFO: 2020-08-12 11:40:22,828: _walk_modules() 'Jumble loading module in QuotationsPageSource from /usr/lib/python3.8/site-packages/variety/plugins/builtin/quotes/QuotationsPageSource.py'
INFO: 2020-08-12 11:40:22,830: load() 'Jumble found plugin class: <class 'QuotationsPageSource.QuotationsPageSource'>: {'name': 'TheQuotationsPage.com', 'description': 'Fetches quotes from TheQuotationsPage.com', 'author': 'Peter Levi', 'version': '0.1'}'
INFO: 2020-08-12 11:40:22,831: _walk_modules() 'Jumble loading module in WallhavenSource from /usr/lib/python3.8/site-packages/variety/plugins/builtin/downloaders/WallhavenSource.py'
INFO: 2020-08-12 11:40:22,834: load() 'Jumble found plugin class: <class 'WallhavenSource.WallhavenSource'>: {'name': 'MediaRSSSource', 'description': 'Configurable source for fetching images from Wallhaven.cc', 'author': 'Peter Levi', 'version': '0.1'}'
INFO: 2020-08-12 11:40:22,835: _walk_modules() 'Jumble loading module in __init__ from /usr/lib/python3.8/site-packages/variety/plugins/builtin/downloaders/__init__.py'
INFO: 2020-08-12 11:40:22,835: _walk_modules() 'Jumble loading module in UnsplashDownloader from /usr/lib/python3.8/site-packages/variety/plugins/builtin/downloaders/UnsplashDownloader.py'
INFO: 2020-08-12 11:40:22,836: load() 'Jumble found plugin class: <class 'UnsplashDownloader.UnsplashDownloader'>: {'name': 'UnsplashDownloader', 'description': 'High-resolution photos from Unsplash.com', 'author': 'Peter Levi', 'version': '0.1'}'
INFO: 2020-08-12 11:40:22,837: _walk_modules() 'Jumble loading module in ChromeOSWallpapersDownloader from /usr/lib/python3.8/site-packages/variety/plugins/builtin/downloaders/ChromeOSWallpapersDownloader.py'
INFO: 2020-08-12 11:40:22,837: load() 'Jumble found plugin class: <class 'ChromeOSWallpapersDownloader.ChromeOSWallpapersDownloader'>: {'name': 'ChromeOsWallpapersDownloader', 'description': 'Chrome OS Wallpapers', 'author': 'Peter Levi', 'version': '0.1'}'
INFO: 2020-08-12 11:40:22,838: _walk_modules() 'Jumble loading module in MediaRSSDownloader from /usr/lib/python3.8/site-packages/variety/plugins/builtin/downloaders/MediaRSSDownloader.py'
INFO: 2020-08-12 11:40:22,839: _walk_modules() 'Jumble loading module in EarthviewDownloader from /usr/lib/python3.8/site-packages/variety/plugins/builtin/downloaders/EarthviewDownloader.py'
INFO: 2020-08-12 11:40:22,840: load() 'Jumble found plugin class: <class 'EarthviewDownloader.EarthviewDownloader'>: {'name': 'EarthviewDownloader', 'description': 'Google Earth View Wallpapers', 'author': 'Peter Levi', 'version': '0.1'}'
INFO: 2020-08-12 11:40:22,840: _walk_modules() 'Jumble loading module in RedditSource from /usr/lib/python3.8/site-packages/variety/plugins/builtin/downloaders/RedditSource.py'
INFO: 2020-08-12 11:40:22,842: load() 'Jumble found plugin class: <class 'RedditSource.RedditSource'>: {'name': 'RedditSource', 'description': 'Configurable source for fetching images from Reddit', 'author': 'Peter Levi', 'version': '0.1'}'
INFO: 2020-08-12 11:40:22,842: _walk_modules() 'Jumble loading module in APODDownloader from /usr/lib/python3.8/site-packages/variety/plugins/builtin/downloaders/APODDownloader.py'
INFO: 2020-08-12 11:40:22,844: load() 'Jumble found plugin class: <class 'APODDownloader.APODDownloader'>: {'name': 'APODDownloader', 'description': 'NASA Astro Pic of the Day', 'author': 'Peter Levi', 'version': '0.1'}'
INFO: 2020-08-12 11:40:22,844: _walk_modules() 'Jumble loading module in UnsplashConfigurableSource from /usr/lib/python3.8/site-packages/variety/plugins/builtin/downloaders/UnsplashConfigurableSource.py'
INFO: 2020-08-12 11:40:22,846: load() 'Jumble found plugin class: <class 'UnsplashConfigurableSource.UnsplashConfigurableSource'>: {'name': 'UnsplashConfigurableSource', 'description': 'Configurable source for fetching photos from Unsplash.com', 'author': 'Peter Levi', 'version': '0.1'}'
INFO: 2020-08-12 11:40:22,847: _walk_modules() 'Jumble loading module in MediaRSSSource from /usr/lib/python3.8/site-packages/variety/plugins/builtin/downloaders/MediaRSSSource.py'
INFO: 2020-08-12 11:40:22,848: load() 'Jumble found plugin class: <class 'MediaRSSSource.MediaRSSSource'>: {'name': 'MediaRSSSource', 'description': 'Configurable source for fetching images from MediaRSS feeds', 'author': 'Peter Levi', 'version': '0.1'}'
INFO: 2020-08-12 11:40:22,849: _walk_modules() 'Jumble loading module in WallhavenDownloader from /usr/lib/python3.8/site-packages/variety/plugins/builtin/downloaders/WallhavenDownloader.py'
INFO: 2020-08-12 11:40:22,849: _walk_modules() 'Jumble loading module in DesktopprDownloader from /usr/lib/python3.8/site-packages/variety/plugins/builtin/downloaders/DesktopprDownloader.py'
INFO: 2020-08-12 11:40:22,850: load() 'Jumble found plugin class: <class 'DesktopprDownloader.DesktopprDownloader'>: {'name': 'DesktopprDownloader', 'description': 'Random wallpapers from Desktoppr.co', 'author': 'Peter Levi', 'version': '0.1'}'
INFO: 2020-08-12 11:40:22,851: _walk_modules() 'Jumble loading module in RedditDownloader from /usr/lib/python3.8/site-packages/variety/plugins/builtin/downloaders/RedditDownloader.py'
INFO: 2020-08-12 11:40:22,851: _walk_modules() 'Jumble loading module in BingDownloader from /usr/lib/python3.8/site-packages/variety/plugins/builtin/downloaders/BingDownloader.py'
INFO: 2020-08-12 11:40:22,852: load() 'Jumble found plugin class: <class 'BingDownloader.BingDownloader'>: {'name': 'BingDownloader', 'description': 'Bing Photo of the Day', 'author': 'Peter Levi', 'version': '0.1'}'
INFO: 2020-08-12 11:40:22,916: log_options() 'Loaded options:'
INFO: 2020-08-12 11:40:22,916: log_options() 'change_enabled = False'
INFO: 2020-08-12 11:40:22,916: log_options() 'change_interval = 300'
INFO: 2020-08-12 11:40:22,916: log_options() 'change_on_start = False'
INFO: 2020-08-12 11:40:22,916: log_options() 'clipboard_enabled = False'
INFO: 2020-08-12 11:40:22,916: log_options() 'clipboard_hosts = ['wallhaven.cc', 'wallpapers.net', 'flickr.com', 'imgur.com', 'deviantart.com', 'interfacelift.com', 'vladstudio.com', 'imageshack.us', 'deviantart.net', 'imageshack.com']'
INFO: 2020-08-12 11:40:22,916: log_options() 'clipboard_use_whitelist = True'
INFO: 2020-08-12 11:40:22,917: log_options() 'clock_date_font = Ubuntu Condensed, 30'
INFO: 2020-08-12 11:40:22,917: log_options() 'clock_enabled = False'
INFO: 2020-08-12 11:40:22,917: log_options() 'clock_filter = -density 100 -font `fc-match -f '%{file[0]}' '%CLOCK_FONT_NAME'` -pointsize %CLOCK_FONT_SIZE -gravity SouthEast -fill '#00000044' -annotate 0x0+[%HOFFSET+58]+[%VOFFSET+108] '%H:%M' -fill white -annotate 0x0+[%HOFFSET+60]+[%VOFFSET+110] '%H:%M' -font `fc-match -f '%{file[0]}' '%DATE_FONT_NAME'` -pointsize %DATE_FONT_SIZE -fill '#00000044' -annotate 0x0+[%HOFFSET+58]+[%VOFFSET+58] '%A, %B %d' -fill white -annotate 0x0+[%HOFFSET+60]+[%VOFFSET+60] '%A, %B %d''
INFO: 2020-08-12 11:40:22,917: log_options() 'clock_font = Ubuntu Condensed, 70'
INFO: 2020-08-12 11:40:22,917: log_options() 'configfile = /home/su/.config/variety/variety.conf'
INFO: 2020-08-12 11:40:22,917: log_options() 'copyto_enabled = False'
INFO: 2020-08-12 11:40:22,917: log_options() 'copyto_folder = Default'
INFO: 2020-08-12 11:40:22,917: log_options() 'desired_color = [160, 160, 160]'
INFO: 2020-08-12 11:40:22,917: log_options() 'desired_color_enabled = False'
INFO: 2020-08-12 11:40:22,917: log_options() 'download_folder = /home/su/.config/variety/Downloaded'
INFO: 2020-08-12 11:40:22,918: log_options() 'download_preference_ratio = 0.9'
INFO: 2020-08-12 11:40:22,918: log_options() 'favorites_folder = /home/su/.config/variety/Favorites'
INFO: 2020-08-12 11:40:22,918: log_options() 'favorites_operations = [['Downloaded', 'Copy'], ['Fetched', 'Move'], ['Others', 'Copy']]'
INFO: 2020-08-12 11:40:22,918: log_options() 'fetched_folder = /home/su/.config/variety/Fetched'
INFO: 2020-08-12 11:40:22,918: log_options() 'filters = [[False, 'Keep original', ''], [False, 'Grayscale', '-type Grayscale'], [False, 'Heavy blur', '-blur 120x40'], [False, 'Soft blur', '-blur 20x7'], [False, 'Oil painting', '-paint 8'], [False, 'Pointilism', '-spread 10 -noise 3'], [False, 'Pixellate', '-scale 3% -scale 3333%']]'
INFO: 2020-08-12 11:40:22,918: log_options() 'icon = Light'
INFO: 2020-08-12 11:40:22,918: log_options() 'lightness_enabled = False'
INFO: 2020-08-12 11:40:22,918: log_options() 'lightness_mode = 0'
INFO: 2020-08-12 11:40:22,918: log_options() 'min_rating = 4'
INFO: 2020-08-12 11:40:22,918: log_options() 'min_rating_enabled = False'
INFO: 2020-08-12 11:40:22,918: log_options() 'min_size = 80'
INFO: 2020-08-12 11:40:22,918: log_options() 'min_size_enabled = True'
INFO: 2020-08-12 11:40:22,918: log_options() 'quota_enabled = True'
INFO: 2020-08-12 11:40:22,919: log_options() 'quota_size = 1000'
INFO: 2020-08-12 11:40:22,919: log_options() 'quotes_authors = '
INFO: 2020-08-12 11:40:22,919: log_options() 'quotes_bg_color = [80, 80, 80]'
INFO: 2020-08-12 11:40:22,919: log_options() 'quotes_bg_opacity = 55'
INFO: 2020-08-12 11:40:22,919: log_options() 'quotes_change_enabled = False'
INFO: 2020-08-12 11:40:22,919: log_options() 'quotes_change_interval = 300'
INFO: 2020-08-12 11:40:22,919: log_options() 'quotes_disabled_sources = ['Urban Dictionary']'
INFO: 2020-08-12 11:40:22,919: log_options() 'quotes_enabled = False'
INFO: 2020-08-12 11:40:22,919: log_options() 'quotes_favorites_file = /home/su/.config/variety/favorite_quotes.txt'
INFO: 2020-08-12 11:40:22,919: log_options() 'quotes_font = Bitstream Charter 30'
INFO: 2020-08-12 11:40:22,919: log_options() 'quotes_hpos = 100'
INFO: 2020-08-12 11:40:22,919: log_options() 'quotes_max_length = 250'
INFO: 2020-08-12 11:40:22,920: log_options() 'quotes_tags = '
INFO: 2020-08-12 11:40:22,920: log_options() 'quotes_text_color = [255, 255, 255]'
INFO: 2020-08-12 11:40:22,920: log_options() 'quotes_text_shadow = False'
INFO: 2020-08-12 11:40:22,920: log_options() 'quotes_vpos = 40'
INFO: 2020-08-12 11:40:22,920: log_options() 'quotes_width = 70'
INFO: 2020-08-12 11:40:22,920: log_options() 'safe_mode = False'
INFO: 2020-08-12 11:40:22,920: log_options() 'slideshow_custom_enabled = False'
INFO: 2020-08-12 11:40:22,920: log_options() 'slideshow_custom_folder = /home/su/Pictures'
INFO: 2020-08-12 11:40:22,920: log_options() 'slideshow_downloads_enabled = False'
INFO: 2020-08-12 11:40:22,920: log_options() 'slideshow_fade = 0.4'
INFO: 2020-08-12 11:40:22,920: log_options() 'slideshow_favorites_enabled = True'
INFO: 2020-08-12 11:40:22,920: log_options() 'slideshow_mode = Fullscreen'
INFO: 2020-08-12 11:40:22,921: log_options() 'slideshow_monitor = All'
INFO: 2020-08-12 11:40:22,921: log_options() 'slideshow_pan = 0.05'
INFO: 2020-08-12 11:40:22,921: log_options() 'slideshow_seconds = 6.0'
INFO: 2020-08-12 11:40:22,921: log_options() 'slideshow_sort_order = Random'
INFO: 2020-08-12 11:40:22,921: log_options() 'slideshow_sources_enabled = True'
INFO: 2020-08-12 11:40:22,921: log_options() 'slideshow_zoom = 0.2'
INFO: 2020-08-12 11:40:22,921: log_options() 'smart_enabled = False'
INFO: 2020-08-12 11:40:22,921: log_options() 'smart_notice_shown = False'
INFO: 2020-08-12 11:40:22,921: log_options() 'smart_register_shown = False'
INFO: 2020-08-12 11:40:22,921: log_options() 'sources = [[True, 'favorites', 'The Favorites folder'], [False, 'fetched', 'The Fetched folder'], [True, 'folder', '/usr/share/backgrounds'], [False, 'flickr', 'user:www.flickr.com/photos/peter-levi/;user_id:93647178@N00;'], [False, 'apod', "NASA's Astronomy Picture of the Day"], [False, 'bing', 'Bing Photo of the Day'], [False, 'chromeos', 'Chrome OS Wallpapers'], [False, 'desktoppr', 'Random wallpapers from Desktoppr.co'], [False, 'earthview', 'Google Earth View Wallpapers'], [False, 'unsplash', 'High-resolution photos from Unsplash.com']]'
INFO: 2020-08-12 11:40:22,921: log_options() 'stats_enabled = True'
INFO: 2020-08-12 11:40:22,922: log_options() 'stats_notice_shown = False'
INFO: 2020-08-12 11:40:22,922: log_options() 'sync_enabled = True'
INFO: 2020-08-12 11:40:22,922: log_options() 'use_landscape_enabled = True'
INFO: 2020-08-12 11:40:22,922: reload_config() 'No need to clear prepared queue'
INFO: 2020-08-12 11:40:22,922: update_indicator() 'Setting file info to: /usr/share/backgrounds/arcolinux/yosemite-mountains-3250x1828.jpg'
INFO: 2020-08-12 11:40:22,978: load_last_change_time() 'Change interval < 6 hours, ignore persisted last_change_time, wait initially the whole interval: 300'
INFO: 2020-08-12 11:40:22,979: update_indicator() 'Setting file info to: /usr/share/backgrounds/arcolinux/yosemite-mountains-3250x1828.jpg'
INFO: 2020-08-12 11:40:22,980: regular_change_thread() 'regular_change thread running'
INFO: 2020-08-12 11:40:22,980: regular_change_thread() 'regular_change: waiting till user resumes'
INFO: 2020-08-12 11:40:22,981: prepare_thread() 'Prepare thread running'
INFO: 2020-08-12 11:40:22,981: prepare_thread() 'Prepared buffer contains 0 images'
INFO: 2020-08-12 11:40:22,981: prepare_thread() 'Preparing some images'
INFO: 2020-08-12 11:40:22,986: update_indicator_icon() 'Creating indicator'
WARNING: 2020-08-12 11:40:22,999: create_menu() 'Variety Slideshow is not installed. This is an optional extension adding pan-and-zoom slideshows to Variety: see https://github.com/peterlevi/variety-slideshow for details'
INFO: 2020-08-12 11:40:23,000: create_indicator() 'indicator backend: AppIndicator3'
INFO: 2020-08-12 11:40:23,029: set_from_theme_icon() 'Showing indicator icon variety-indicator from GTK theme'
INFO: 2020-08-12 11:40:23,080: do_set_wp() 'Calling do_set_wp with /usr/share/backgrounds/arcolinux/yosemite-mountains-3250x1828.jpg, time: 1597212623.080663'
INFO: 2020-08-12 11:40:23,113: update_indicator() 'Setting file info to: /usr/share/backgrounds/arcolinux/yosemite-mountains-3250x1828.jpg'
INFO: 2020-08-12 11:40:23,388: prepare_thread() 'After search prepared buffer contains 18 images'
INFO: 2020-08-12 11:40:24,713: reload() 'Reloading preferences dialog'
INFO: 2020-08-12 11:40:25,388: trigger_download() 'Triggering download thread to check if download needed'
INFO: 2020-08-12 11:40:25,664: do_set_wp() 'Calling do_set_wp with /usr/share/backgrounds/arcolinux/sea-of-mystery-3840x2160.jpg, time: 1597212625.664065'
INFO: 2020-08-12 11:40:25,689: update_indicator() 'Setting file info to: /usr/share/backgrounds/arcolinux/sea-of-mystery-3840x2160.jpg'
INFO: 2020-08-12 11:40:43,003: server_options_thread() 'Fetching server options from http://tiny.cc/variety-options-063'
INFO: 2020-08-12 11:40:46,916: server_options_thread() 'Fetched server options: {'flickr': {'min_fill_queue_interval': 1200, 'min_download_interval': 1200}, 'wallbase': {'min_fill_queue_interval': 1800, 'min_download_interval': 1800}, 'wallhaven': {'min_fill_queue_interval': 1800, 'min_download_interval': 1800}, 'wallpapers.net': {'min_fill_queue_interval': 601, 'min_download_interval': 0}, 'unsplash': {'min_fill_queue_interval': 20000000000, 'min_download_interval': 20000000000}, 'unsplash_v2': {'min_fill_queue_interval': 2000, 'min_download_interval': 1200}, 'status_message': {'0.0.1': '', '*': ''}}'
INFO: 2020-08-12 11:45:16,482: process_command() 'Received command: ['-n']'
INFO: 2020-08-12 11:45:16,486: do_set_wp() 'Calling do_set_wp with /usr/share/backgrounds/arcolinux/yosemite-mountains-3250x1828.jpg, time: 1597212916.4866197'
INFO: 2020-08-12 11:45:16,506: update_indicator() 'Setting file info to: /usr/share/backgrounds/arcolinux/yosemite-mountains-3250x1828.jpg'
INFO: 2020-08-12 11:45:27,098: process_command() 'Received command: ['-n']'
INFO: 2020-08-12 11:45:27,104: set_wallpaper() 'Calling set_wallpaper with /usr/share/backgrounds/arcolinux/peaceofmind-1920x1200.jpg'
INFO: 2020-08-12 11:45:27,104: prepare_thread() 'Prepared buffer contains 17 images'
INFO: 2020-08-12 11:45:27,105: do_set_wp() 'Calling do_set_wp with /usr/share/backgrounds/arcolinux/peaceofmind-1920x1200.jpg, time: 1597212927.1052408'
INFO: 2020-08-12 11:45:27,127: update_indicator() 'Setting file info to: /usr/share/backgrounds/arcolinux/peaceofmind-1920x1200.jpg'
INFO: 2020-08-12 11:45:29,105: trigger_download() 'Triggering download thread to check if download needed'
INFO: 2020-08-12 11:45:35,684: process_command() 'Received command: ['-p']'
INFO: 2020-08-12 11:45:35,689: do_set_wp() 'Calling do_set_wp with /usr/share/backgrounds/arcolinux/yosemite-mountains-3250x1828.jpg, time: 1597212935.6893084'
INFO: 2020-08-12 11:45:35,709: update_indicator() 'Setting file info to: /usr/share/backgrounds/arcolinux/yosemite-mountains-3250x1828.jpg'
